FlexPDE Version 6.36s/W32  14:13:44 Jan  8 2015
(Times listed are wall-clock times, not charged CPU).

START E:\Class Materials\2022 Fall\Eng Phys 2CD4\Topic 2\Final version\Topic-2-2CD4-Group\New folder\group lab 2cd4 flex.pde  19:15:20 10/4/22
Using 1 Thread(s)
 +00:00:00| STEP FAILED. RETRY at Dt= 1.000e-4
 +00:00:00| Step 2 Time= 2.000e-4 Dt= 1.000e-4 Nodes=5 Cells=2 RMS ERR= 1.172e-9 MAX ERR= 1.172e-9 TIME ERR= 0.002922 MEM=703
 +00:00:00| Step 3 Time= 3.000e-4 Dt= 1.000e-4 Nodes=5 Cells=2 RMS ERR= 1.064e-9 MAX ERR= 1.064e-9 TIME ERR= 3.444e-4 MEM=703
 +00:00:00| Step 4 Time= 4.122e-4 Dt= 1.122e-4 Nodes=5 Cells=2 RMS ERR= 1.790e-9 MAX ERR= 1.790e-9 TIME ERR= 2.999e-4 MEM=703
 +00:00:00| Step 5 Time= 5.381e-4 Dt= 1.259e-4 Nodes=5 Cells=2 RMS ERR= 3.924e-9 MAX ERR= 3.924e-9 TIME ERR= 1.164e-4 MEM=703
 +00:00:00| Step 6 Time= 6.793e-4 Dt= 1.413e-4 Nodes=5 Cells=2 RMS ERR= 7.525e-9 MAX ERR= 7.525e-9 TIME ERR= 4.516e-5 MEM=703
 +00:00:00| Step 7 Time= 8.378e-4 Dt= 1.585e-4 Nodes=5 Cells=2 RMS ERR= 1.369e-8 MAX ERR= 1.369e-8 TIME ERR= 1.753e-5 MEM=703
 +00:00:00| Step 8 Time= 0.001016 Dt= 1.778e-4 Nodes=5 Cells=2 RMS ERR= 2.451e-8 MAX ERR= 2.451e-8 TIME ERR= 6.801e-6 MEM=703
 +00:00:00| Step 9 Time= 0.001215 Dt= 1.995e-4 Nodes=5 Cells=2 RMS ERR= 4.350e-8 MAX ERR= 4.350e-8 TIME ERR= 4.135e-6 MEM=703
 +00:00:00| Step 10 Time= 0.001439 Dt= 2.239e-4 Nodes=5 Cells=2 RMS ERR= 6.536e-8 MAX ERR= 6.536e-8 TIME ERR= 7.082e-6 MEM=704
 +00:00:00| Step 11 Time= 0.001690 Dt= 2.512e-4 Nodes=5 Cells=2 RMS ERR= 9.897e-8 MAX ERR= 9.897e-8 TIME ERR= 1.198e-5 MEM=704
 +00:00:00| Step 12 Time= 0.001972 Dt= 2.818e-4 Nodes=5 Cells=2 RMS ERR= 1.509e-7 MAX ERR= 1.509e-7 TIME ERR= 2.006e-5 MEM=704
 +00:00:00| Step 13 Time= 0.002288 Dt= 3.162e-4 Nodes=5 Cells=2 RMS ERR= 2.312e-7 MAX ERR= 2.312e-7 TIME ERR= 3.331e-5 MEM=704
 +00:00:00| Step 14 Time= 0.002643 Dt= 3.548e-4 Nodes=5 Cells=2 RMS ERR= 3.559e-7 MAX ERR= 3.559e-7 TIME ERR= 5.495e-5 MEM=704
 +00:00:00| Step 15 Time= 0.003041 Dt= 3.981e-4 Nodes=5 Cells=2 RMS ERR= 5.499e-7 MAX ERR= 5.499e-7 TIME ERR= 9.014e-5 MEM=704
 +00:00:00| Step 16 Time= 0.003488 Dt= 4.467e-4 Nodes=5 Cells=2 RMS ERR= 8.523e-7 MAX ERR= 8.524e-7 TIME ERR= 1.472e-4 MEM=704
 +00:00:00| Step 17 Time= 0.003989 Dt= 5.012e-4 Nodes=5 Cells=2 RMS ERR= 1.325e-6 MAX ERR= 1.325e-6 TIME ERR= 2.394e-4 MEM=704
 +00:00:00| Step 18 Time= 0.004551 Dt= 5.623e-4 Nodes=5 Cells=2 RMS ERR= 2.062e-6 MAX ERR= 2.062e-6 TIME ERR= 3.880e-4 MEM=705
 +00:00:00| Step 19 Time= 0.005182 Dt= 6.310e-4 Nodes=5 Cells=2 RMS ERR= 3.216e-6 MAX ERR= 3.216e-6 TIME ERR= 6.271e-4 MEM=705
 +00:00:00| Step 20 Time= 0.005890 Dt= 7.079e-4 Nodes=5 Cells=2 RMS ERR= 5.018e-6 MAX ERR= 5.018e-6 TIME ERR= 0.001011 MEM=706
 +00:00:00| Step 21 Time= 0.006685 Dt= 7.943e-4 Nodes=5 Cells=2 RMS ERR= 7.829e-6 MAX ERR= 7.830e-6 TIME ERR= 0.001625 MEM=706
 +00:00:00| Step 22 Time= 0.007479 Dt= 7.943e-4 Nodes=5 Cells=2 RMS ERR= 8.214e-6 MAX ERR= 8.214e-6 TIME ERR= 0.001917 MEM=706
 +00:00:00| Step 23 Time= 0.008273 Dt= 7.943e-4 Nodes=5 Cells=2 RMS ERR= 7.922e-6 MAX ERR= 7.922e-6 TIME ERR= 0.002254 MEM=706
 +00:00:00| Step 24 Time= 0.009068 Dt= 7.943e-4 Nodes=5 Cells=2 RMS ERR= 7.138e-6 MAX ERR= 7.138e-6 TIME ERR= 0.002552 MEM=706
 +00:00:00| Step 25 Time= 0.009800 Dt= 7.324e-4 Nodes=5 Cells=2 RMS ERR= 4.901e-6 MAX ERR= 4.902e-6 TIME ERR= 0.002286 MEM=706
 +00:00:00| Step 26 Time= 0.010532 Dt= 7.324e-4 Nodes=5 Cells=2 RMS ERR= 4.178e-6 MAX ERR= 4.178e-6 TIME ERR= 0.002521 MEM=706
 +00:00:00| Step 27 Time= 0.011210 Dt= 6.780e-4 Nodes=5 Cells=2 RMS ERR= 2.772e-6 MAX ERR= 2.772e-6 TIME ERR= 0.002175 MEM=706
 +00:00:00| Step 28 Time= 0.011888 Dt= 6.780e-4 Nodes=5 Cells=2 RMS ERR= 2.383e-6 MAX ERR= 2.383e-6 TIME ERR= 0.002332 MEM=706
 +00:00:00| Step 29 Time= 0.012566 Dt= 6.780e-4 Nodes=5 Cells=2 RMS ERR= 2.065e-6 MAX ERR= 2.065e-6 TIME ERR= 0.002419 MEM=706
 +00:00:00| Step 30 Time= 0.013203 Dt= 6.363e-4 Nodes=5 Cells=2 RMS ERR= 1.515e-6 MAX ERR= 1.515e-6 TIME ERR= 0.002143 MEM=707
 +00:00:00| Step 31 Time= 0.013839 Dt= 6.363e-4 Nodes=5 Cells=2 RMS ERR= 1.308e-6 MAX ERR= 1.309e-6 TIME ERR= 0.002258 MEM=707
 +00:00:00| Step 32 Time= 0.014475 Dt= 6.363e-4 Nodes=5 Cells=2 RMS ERR= 1.133e-6 MAX ERR= 1.133e-6 TIME ERR= 0.002312 MEM=709
 +00:00:00| Step 33 Time= 0.015112 Dt= 6.363e-4 Nodes=5 Cells=2 RMS ERR= 1.018e-6 MAX ERR= 1.018e-6 TIME ERR= 0.002387 MEM=709
 +00:00:00| Step 34 Time= 0.015712 Dt= 5.999e-4 Nodes=5 Cells=2 RMS ERR= 7.405e-7 MAX ERR= 7.405e-7 TIME ERR= 0.002107 MEM=709
 +00:00:00| Step 35 Time= 0.016312 Dt= 5.999e-4 Nodes=5 Cells=2 RMS ERR= 6.232e-7 MAX ERR= 6.232e-7 TIME ERR= 0.002183 MEM=709
 +00:00:00| Step 36 Time= 0.016911 Dt= 5.999e-4 Nodes=5 Cells=2 RMS ERR= 5.213e-7 MAX ERR= 5.213e-7 TIME ERR= 0.002201 MEM=709
 +00:00:00| Step 37 Time= 0.017511 Dt= 5.999e-4 Nodes=5 Cells=2 RMS ERR= 4.461e-7 MAX ERR= 4.461e-7 TIME ERR= 0.002236 MEM=709
 +00:00:00| Step 38 Time= 0.018111 Dt= 5.999e-4 Nodes=5 Cells=2 RMS ERR= 3.726e-7 MAX ERR= 3.726e-7 TIME ERR= 0.002272 MEM=709
 +00:00:00| Step 39 Time= 0.018711 Dt= 5.999e-4 Nodes=5 Cells=2 RMS ERR= 3.010e-7 MAX ERR= 3.010e-7 TIME ERR= 0.002303 MEM=709
 +00:00:00| Step 40 Time= 0.019311 Dt= 5.999e-4 Nodes=5 Cells=2 RMS ERR= 2.316e-7 MAX ERR= 2.316e-7 TIME ERR= 0.002327 MEM=709
 +00:00:00| Step 41 Time= 0.019911 Dt= 5.999e-4 Nodes=5 Cells=2 RMS ERR= 1.646e-7 MAX ERR= 1.646e-7 TIME ERR= 0.002343 MEM=709
 +00:00:00| Step 42 Time= 0.020480 Dt= 5.691e-4 Nodes=5 Cells=2 RMS ERR= 8.567e-8 MAX ERR= 8.567e-8 TIME ERR= 0.002043 MEM=709
 +00:00:00| Step 43 Time= 0.021049 Dt= 5.691e-4 Nodes=5 Cells=2 RMS ERR= 3.540e-8 MAX ERR= 3.540e-8 TIME ERR= 0.002055 MEM=709
 +00:00:00| Step 44 Time= 0.021618 Dt= 5.691e-4 Nodes=5 Cells=2 RMS ERR= 8.475e-9 MAX ERR= 8.475e-9 TIME ERR= 0.002014 MEM=709
 +00:00:00| Step 45 Time= 0.022187 Dt= 5.691e-4 Nodes=5 Cells=2 RMS ERR= 4.792e-8 MAX ERR= 4.792e-8 TIME ERR= 0.001987 MEM=709
 +00:00:00| Step 46 Time= 0.022756 Dt= 5.691e-4 Nodes=5 Cells=2 RMS ERR= 8.428e-8 MAX ERR= 8.428e-8 TIME ERR= 0.001959 MEM=710
 +00:00:00| Step 47 Time= 0.023325 Dt= 5.691e-4 Nodes=5 Cells=2 RMS ERR= 1.173e-7 MAX ERR= 1.174e-7 TIME ERR= 0.001925 MEM=712
 +00:00:00| Step 48 Time= 0.023894 Dt= 5.691e-4 Nodes=5 Cells=2 RMS ERR= 1.469e-7 MAX ERR= 1.469e-7 TIME ERR= 0.001884 MEM=712
 +00:00:00| Step 49 Time= 0.024463 Dt= 5.691e-4 Nodes=5 Cells=2 RMS ERR= 1.727e-7 MAX ERR= 1.727e-7 TIME ERR= 0.001835 MEM=712
 +00:00:00| Step 50 Time= 0.025033 Dt= 5.691e-4 Nodes=5 Cells=2 RMS ERR= 1.947e-7 MAX ERR= 1.947e-7 TIME ERR= 0.001779 MEM=712
 +00:00:00| Step 51 Time= 0.025602 Dt= 5.691e-4 Nodes=5 Cells=2 RMS ERR= 2.127e-7 MAX ERR= 2.127e-7 TIME ERR= 0.001715 MEM=712
 +00:00:00| Step 52 Time= 0.026171 Dt= 5.691e-4 Nodes=5 Cells=2 RMS ERR= 2.266e-7 MAX ERR= 2.266e-7 TIME ERR= 0.001644 MEM=712
 +00:00:00| Step 53 Time= 0.026740 Dt= 5.691e-4 Nodes=5 Cells=2 RMS ERR= 2.364e-7 MAX ERR= 2.364e-7 TIME ERR= 0.001565 MEM=712
 +00:00:00| Step 54 Time= 0.027309 Dt= 5.691e-4 Nodes=5 Cells=2 RMS ERR= 2.423e-7 MAX ERR= 2.423e-7 TIME ERR= 0.001480 MEM=712
 +00:00:00| Step 55 Time= 0.027878 Dt= 5.691e-4 Nodes=5 Cells=2 RMS ERR= 2.442e-7 MAX ERR= 2.442e-7 TIME ERR= 0.001390 MEM=712
 +00:00:00| Step 56 Time= 0.028447 Dt= 5.691e-4 Nodes=5 Cells=2 RMS ERR= 2.424e-7 MAX ERR= 2.424e-7 TIME ERR= 0.001293 MEM=712
 +00:00:00| Step 57 Time= 0.029016 Dt= 5.691e-4 Nodes=5 Cells=2 RMS ERR= 2.370e-7 MAX ERR= 2.370e-7 TIME ERR= 0.001192 MEM=712
 +00:00:00| Step 58 Time= 0.029585 Dt= 5.691e-4 Nodes=5 Cells=2 RMS ERR= 2.284e-7 MAX ERR= 2.284e-7 TIME ERR= 0.001087 MEM=712
 +00:00:00| Step 59 Time= 0.030154 Dt= 5.691e-4 Nodes=5 Cells=2 RMS ERR= 2.169e-7 MAX ERR= 2.169e-7 TIME ERR= 9.778e-4 MEM=712
 +00:00:00| Step 60 Time= 0.030793 Dt= 6.385e-4 Nodes=5 Cells=2 RMS ERR= 3.026e-7 MAX ERR= 3.026e-7 TIME ERR= 0.001168 MEM=712
 +00:00:00| Step 61 Time= 0.031431 Dt= 6.385e-4 Nodes=5 Cells=2 RMS ERR= 3.030e-7 MAX ERR= 3.031e-7 TIME ERR= 9.880e-4 MEM=712
 +00:00:00| Step 62 Time= 0.032148 Dt= 7.164e-4 Nodes=5 Cells=2 RMS ERR= 4.317e-7 MAX ERR= 4.317e-7 TIME ERR= 0.001150 MEM=712
 +00:00:00| Step 63 Time= 0.032864 Dt= 7.164e-4 Nodes=5 Cells=2 RMS ERR= 4.033e-7 MAX ERR= 4.033e-7 TIME ERR= 0.001167 MEM=712
 +00:00:00| Step 64 Time= 0.033581 Dt= 7.164e-4 Nodes=5 Cells=2 RMS ERR= 3.543e-7 MAX ERR= 3.543e-7 TIME ERR= 0.001222 MEM=712
 +00:00:00| Step 65 Time= 0.034297 Dt= 7.164e-4 Nodes=5 Cells=2 RMS ERR= 2.710e-7 MAX ERR= 2.710e-7 TIME ERR= 0.001245 MEM=713
 +00:00:00| Step 66 Time= 0.035013 Dt= 7.164e-4 Nodes=5 Cells=2 RMS ERR= 1.888e-7 MAX ERR= 1.888e-7 TIME ERR= 0.001254 MEM=716
 +00:00:00| Step 67 Time= 0.035730 Dt= 7.164e-4 Nodes=5 Cells=2 RMS ERR= 1.097e-7 MAX ERR= 1.097e-7 TIME ERR= 0.001255 MEM=716
 +00:00:00| Step 68 Time= 0.036446 Dt= 7.164e-4 Nodes=5 Cells=2 RMS ERR= 3.568e-8 MAX ERR= 3.568e-8 TIME ERR= 0.001251 MEM=716
 +00:00:00| Step 69 Time= 0.037163 Dt= 7.164e-4 Nodes=5 Cells=2 RMS ERR= 3.189e-8 MAX ERR= 3.189e-8 TIME ERR= 0.001241 MEM=716
 +00:00:00| Step 70 Time= 0.037879 Dt= 7.164e-4 Nodes=5 Cells=2 RMS ERR= 9.199e-8 MAX ERR= 9.199e-8 TIME ERR= 0.001228 MEM=716
 +00:00:00| Step 71 Time= 0.038596 Dt= 7.164e-4 Nodes=5 Cells=2 RMS ERR= 1.439e-7 MAX ERR= 1.439e-7 TIME ERR= 0.001210 MEM=716
 +00:00:00| Step 72 Time= 0.039312 Dt= 7.164e-4 Nodes=5 Cells=2 RMS ERR= 1.874e-7 MAX ERR= 1.874e-7 TIME ERR= 0.001209 MEM=716
 +00:00:00| Step 73 Time= 0.040028 Dt= 7.164e-4 Nodes=5 Cells=2 RMS ERR= 2.224e-7 MAX ERR= 2.224e-7 TIME ERR= 0.001368 MEM=716
 +00:00:00| Step 74 Time= 0.040745 Dt= 7.164e-4 Nodes=5 Cells=2 RMS ERR= 2.491e-7 MAX ERR= 2.491e-7 TIME ERR= 0.001508 MEM=716
 +00:00:00| Step 75 Time= 0.041461 Dt= 7.164e-4 Nodes=5 Cells=2 RMS ERR= 2.680e-7 MAX ERR= 2.680e-7 TIME ERR= 0.001629 MEM=716
 +00:00:00| Step 76 Time= 0.042178 Dt= 7.164e-4 Nodes=5 Cells=2 RMS ERR= 2.798e-7 MAX ERR= 2.798e-7 TIME ERR= 0.001730 MEM=716
 +00:00:00| Step 77 Time= 0.042894 Dt= 7.164e-4 Nodes=5 Cells=2 RMS ERR= 2.851e-7 MAX ERR= 2.851e-7 TIME ERR= 0.001813 MEM=716
 +00:00:00| Step 78 Time= 0.043611 Dt= 7.164e-4 Nodes=5 Cells=2 RMS ERR= 2.848e-7 MAX ERR= 2.848e-7 TIME ERR= 0.001878 MEM=716
 +00:00:00| Step 79 Time= 0.044327 Dt= 7.164e-4 Nodes=5 Cells=2 RMS ERR= 2.798e-7 MAX ERR= 2.798e-7 TIME ERR= 0.001927 MEM=716
 +00:00:00| Step 80 Time= 0.045043 Dt= 7.164e-4 Nodes=5 Cells=2 RMS ERR= 2.708e-7 MAX ERR= 2.708e-7 TIME ERR= 0.001960 MEM=716
 +00:00:00| Step 81 Time= 0.045760 Dt= 7.164e-4 Nodes=5 Cells=2 RMS ERR= 2.587e-7 MAX ERR= 2.587e-7 TIME ERR= 0.001979 MEM=716
 +00:00:00| Step 82 Time= 0.046476 Dt= 7.164e-4 Nodes=5 Cells=2 RMS ERR= 2.443e-7 MAX ERR= 2.443e-7 TIME ERR= 0.001985 MEM=716
 +00:00:00| Step 83 Time= 0.047193 Dt= 7.164e-4 Nodes=5 Cells=2 RMS ERR= 2.282e-7 MAX ERR= 2.282e-7 TIME ERR= 0.001979 MEM=716
 +00:00:00| Step 84 Time= 0.047909 Dt= 7.164e-4 Nodes=5 Cells=2 RMS ERR= 2.111e-7 MAX ERR= 2.111e-7 TIME ERR= 0.001962 MEM=716
 +00:00:00| Step 85 Time= 0.048626 Dt= 7.164e-4 Nodes=5 Cells=2 RMS ERR= 1.935e-7 MAX ERR= 1.935e-7 TIME ERR= 0.001936 MEM=716
 +00:00:00| Step 86 Time= 0.049342 Dt= 7.164e-4 Nodes=5 Cells=2 RMS ERR= 1.758e-7 MAX ERR= 1.758e-7 TIME ERR= 0.001903 MEM=716
 +00:00:00| Step 87 Time= 0.050058 Dt= 7.164e-4 Nodes=5 Cells=2 RMS ERR= 1.584e-7 MAX ERR= 1.584e-7 TIME ERR= 0.001862 MEM=716
 +00:00:00| Step 88 Time= 0.050775 Dt= 7.164e-4 Nodes=5 Cells=2 RMS ERR= 1.417e-7 MAX ERR= 1.417e-7 TIME ERR= 0.001815 MEM=716
 +00:00:00| Step 89 Time= 0.051491 Dt= 7.164e-4 Nodes=5 Cells=2 RMS ERR= 1.257e-7 MAX ERR= 1.257e-7 TIME ERR= 0.001764 MEM=718
 +00:00:00| Step 90 Time= 0.052208 Dt= 7.164e-4 Nodes=5 Cells=2 RMS ERR= 1.107e-7 MAX ERR= 1.107e-7 TIME ERR= 0.001710 MEM=721
 +00:00:00| Step 91 Time= 0.052924 Dt= 7.164e-4 Nodes=5 Cells=2 RMS ERR= 9.676e-8 MAX ERR= 9.676e-8 TIME ERR= 0.001652 MEM=721
 +00:00:00| Step 92 Time= 0.053641 Dt= 7.164e-4 Nodes=5 Cells=2 RMS ERR= 8.397e-8 MAX ERR= 8.397e-8 TIME ERR= 0.001592 MEM=721
 +00:00:00| Step 93 Time= 0.054357 Dt= 7.164e-4 Nodes=5 Cells=2 RMS ERR= 7.233e-8 MAX ERR= 7.233e-8 TIME ERR= 0.001531 MEM=721
 +00:00:00| Step 94 Time= 0.055073 Dt= 7.164e-4 Nodes=5 Cells=2 RMS ERR= 6.184e-8 MAX ERR= 6.184e-8 TIME ERR= 0.001469 MEM=721
 +00:00:00| Step 95 Time= 0.055790 Dt= 7.164e-4 Nodes=5 Cells=2 RMS ERR= 5.247e-8 MAX ERR= 5.247e-8 TIME ERR= 0.001407 MEM=721
 +00:00:00| Step 96 Time= 0.056506 Dt= 7.164e-4 Nodes=5 Cells=2 RMS ERR= 4.416e-8 MAX ERR= 4.416e-8 TIME ERR= 0.001345 MEM=721
 +00:00:00| Step 97 Time= 0.057223 Dt= 7.164e-4 Nodes=5 Cells=2 RMS ERR= 3.685e-8 MAX ERR= 3.685e-8 TIME ERR= 0.001284 MEM=721
 +00:00:00| Step 98 Time= 0.057939 Dt= 7.164e-4 Nodes=5 Cells=2 RMS ERR= 3.047e-8 MAX ERR= 3.047e-8 TIME ERR= 0.001224 MEM=721
 +00:00:00| Step 99 Time= 0.058656 Dt= 7.164e-4 Nodes=5 Cells=2 RMS ERR= 2.495e-8 MAX ERR= 2.495e-8 TIME ERR= 0.001165 MEM=721
 +00:00:00| Step 100 Time= 0.059372 Dt= 7.164e-4 Nodes=5 Cells=2 RMS ERR= 2.021e-8 MAX ERR= 2.021e-8 TIME ERR= 0.001108 MEM=721
 +00:00:00| Step 101 Time= 0.060089 Dt= 7.164e-4 Nodes=5 Cells=2 RMS ERR= 1.617e-8 MAX ERR= 1.617e-8 TIME ERR= 0.001052 MEM=721
 +00:00:00| Step 102 Time= 0.060805 Dt= 7.164e-4 Nodes=5 Cells=2 RMS ERR= 1.275e-8 MAX ERR= 1.275e-8 TIME ERR= 9.987e-4 MEM=721
 +00:00:00| Step 103 Time= 0.061609 Dt= 8.038e-4 Nodes=5 Cells=2 RMS ERR= 1.459e-8 MAX ERR= 1.459e-8 TIME ERR= 0.001284 MEM=721
 +00:00:00| Step 104 Time= 0.062413 Dt= 8.038e-4 Nodes=5 Cells=2 RMS ERR= 1.190e-8 MAX ERR= 1.190e-8 TIME ERR= 0.001198 MEM=721
 +00:00:00| Step 105 Time= 0.063216 Dt= 8.038e-4 Nodes=5 Cells=2 RMS ERR= 9.262e-9 MAX ERR= 9.262e-9 TIME ERR= 0.001167 MEM=721
 +00:00:00| Step 106 Time= 0.064020 Dt= 8.038e-4 Nodes=5 Cells=2 RMS ERR= 6.313e-9 MAX ERR= 6.313e-9 TIME ERR= 0.001111 MEM=721
 +00:00:00| Step 107 Time= 0.064824 Dt= 8.038e-4 Nodes=5 Cells=2 RMS ERR= 4.003e-9 MAX ERR= 4.003e-9 TIME ERR= 0.001049 MEM=721
 +00:00:00| Step 108 Time= 0.065628 Dt= 8.038e-4 Nodes=5 Cells=2 RMS ERR= 2.238e-9 MAX ERR= 2.238e-9 TIME ERR= 9.875e-4 MEM=721
 +00:00:00| Step 109 Time= 0.066530 Dt= 9.019e-4 Nodes=5 Cells=2 RMS ERR= 1.279e-9 MAX ERR= 1.279e-9 TIME ERR= 0.001258 MEM=721
 +00:00:00| Step 110 Time= 0.067432 Dt= 9.019e-4 Nodes=5 Cells=2 RMS ERR= 2.33e-10 MAX ERR= 2.33e-10 TIME ERR= 0.001163 MEM=721
 +00:00:00| Step 111 Time= 0.068334 Dt= 9.019e-4 Nodes=5 Cells=2 RMS ERR= 1.419e-9 MAX ERR= 1.419e-9 TIME ERR= 0.001125 MEM=721
 +00:00:00| Step 112 Time= 0.069236 Dt= 9.019e-4 Nodes=5 Cells=2 RMS ERR= 2.195e-9 MAX ERR= 2.195e-9 TIME ERR= 0.001064 MEM=721
 +00:00:00| Step 113 Time= 0.070138 Dt= 9.019e-4 Nodes=5 Cells=2 RMS ERR= 2.641e-9 MAX ERR= 2.641e-9 TIME ERR= 9.985e-4 MEM=721
 +00:00:00| Step 114 Time= 0.071150 Dt= 0.001012 Nodes=5 Cells=2 RMS ERR= 4.305e-9 MAX ERR= 4.305e-9 TIME ERR= 0.001267 MEM=721
 +00:00:00| Step 115 Time= 0.072162 Dt= 0.001012 Nodes=5 Cells=2 RMS ERR= 4.865e-9 MAX ERR= 4.865e-9 TIME ERR= 0.001168 MEM=721
 +00:00:00| Step 116 Time= 0.073174 Dt= 0.001012 Nodes=5 Cells=2 RMS ERR= 5.260e-9 MAX ERR= 5.260e-9 TIME ERR= 0.001127 MEM=721
 +00:00:00| Step 117 Time= 0.074186 Dt= 0.001012 Nodes=5 Cells=2 RMS ERR= 5.282e-9 MAX ERR= 5.282e-9 TIME ERR= 0.001065 MEM=721
 +00:00:00| Step 118 Time= 0.075198 Dt= 0.001012 Nodes=5 Cells=2 RMS ERR= 5.405e-9 MAX ERR= 5.405e-9 TIME ERR= 0.001001 MEM=721
 +00:00:00| Step 119 Time= 0.076333 Dt= 0.001135 Nodes=5 Cells=2 RMS ERR= 8.649e-9 MAX ERR= 8.649e-9 TIME ERR= 0.001275 MEM=723
 +00:00:00| Step 120 Time= 0.077469 Dt= 0.001135 Nodes=5 Cells=2 RMS ERR= 1.060e-8 MAX ERR= 1.060e-8 TIME ERR= 0.001182 MEM=727
 +00:00:00| Step 121 Time= 0.078604 Dt= 0.001135 Nodes=5 Cells=2 RMS ERR= 1.318e-8 MAX ERR= 1.318e-8 TIME ERR= 0.001150 MEM=727
 +00:00:00| Step 122 Time= 0.079739 Dt= 0.001135 Nodes=5 Cells=2 RMS ERR= 1.567e-8 MAX ERR= 1.567e-8 TIME ERR= 0.001099 MEM=727
 +00:00:00| Step 123 Time= 0.080875 Dt= 0.001135 Nodes=5 Cells=2 RMS ERR= 1.893e-8 MAX ERR= 1.893e-8 TIME ERR= 0.001047 MEM=727
 +00:00:00| Step 124 Time= 0.082010 Dt= 0.001135 Nodes=5 Cells=2 RMS ERR= 2.299e-8 MAX ERR= 2.299e-8 TIME ERR= 0.001001 MEM=727
 +00:00:00| Step 125 Time= 0.083284 Dt= 0.001274 Nodes=5 Cells=2 RMS ERR= 4.249e-8 MAX ERR= 4.249e-8 TIME ERR= 0.001306 MEM=727
 +00:00:00| Step 126 Time= 0.084558 Dt= 0.001274 Nodes=5 Cells=2 RMS ERR= 5.727e-8 MAX ERR= 5.727e-8 TIME ERR= 0.001246 MEM=727
 +00:00:00| Step 127 Time= 0.085832 Dt= 0.001274 Nodes=5 Cells=2 RMS ERR= 7.458e-8 MAX ERR= 7.458e-8 TIME ERR= 0.001252 MEM=727
 +00:00:00| Step 128 Time= 0.087106 Dt= 0.001274 Nodes=5 Cells=2 RMS ERR= 8.974e-8 MAX ERR= 8.975e-8 TIME ERR= 0.001239 MEM=727
 +00:00:00| Step 129 Time= 0.088380 Dt= 0.001274 Nodes=5 Cells=2 RMS ERR= 1.069e-7 MAX ERR= 1.069e-7 TIME ERR= 0.001228 MEM=727
 +00:00:00| Step 130 Time= 0.089654 Dt= 0.001274 Nodes=5 Cells=2 RMS ERR= 1.261e-7 MAX ERR= 1.261e-7 TIME ERR= 0.001222 MEM=727
 +00:00:00| Step 131 Time= 0.090928 Dt= 0.001274 Nodes=5 Cells=2 RMS ERR= 1.474e-7 MAX ERR= 1.474e-7 TIME ERR= 0.001225 MEM=727
 +00:00:00| Step 132 Time= 0.092203 Dt= 0.001274 Nodes=5 Cells=2 RMS ERR= 1.708e-7 MAX ERR= 1.709e-7 TIME ERR= 0.001236 MEM=727
 +00:00:00| Step 133 Time= 0.093477 Dt= 0.001274 Nodes=5 Cells=2 RMS ERR= 1.966e-7 MAX ERR= 1.966e-7 TIME ERR= 0.001255 MEM=727
 +00:00:00| Step 134 Time= 0.094751 Dt= 0.001274 Nodes=5 Cells=2 RMS ERR= 2.249e-7 MAX ERR= 2.249e-7 TIME ERR= 0.001283 MEM=727
 +00:00:00| Step 135 Time= 0.096025 Dt= 0.001274 Nodes=5 Cells=2 RMS ERR= 2.559e-7 MAX ERR= 2.559e-7 TIME ERR= 0.001317 MEM=727
 +00:00:00| Step 136 Time= 0.097299 Dt= 0.001274 Nodes=5 Cells=2 RMS ERR= 2.897e-7 MAX ERR= 2.897e-7 TIME ERR= 0.001360 MEM=727
 +00:00:00| Step 137 Time= 0.098573 Dt= 0.001274 Nodes=5 Cells=2 RMS ERR= 3.268e-7 MAX ERR= 3.268e-7 TIME ERR= 0.001409 MEM=727
 +00:00:00| Step 138 Time= 0.099847 Dt= 0.001274 Nodes=5 Cells=2 RMS ERR= 3.673e-7 MAX ERR= 3.673e-7 TIME ERR= 0.001466 MEM=727
 +00:00:00| Step 139 Time= 0.101121 Dt= 0.001274 Nodes=5 Cells=2 RMS ERR= 4.117e-7 MAX ERR= 4.117e-7 TIME ERR= 0.001531 MEM=727
 +00:00:00| Step 140 Time= 0.102395 Dt= 0.001274 Nodes=5 Cells=2 RMS ERR= 4.604e-7 MAX ERR= 4.604e-7 TIME ERR= 0.001603 MEM=727
 +00:00:00| Step 141 Time= 0.103669 Dt= 0.001274 Nodes=5 Cells=2 RMS ERR= 5.139e-7 MAX ERR= 5.139e-7 TIME ERR= 0.001683 MEM=727
 +00:00:00| Step 142 Time= 0.104943 Dt= 0.001274 Nodes=5 Cells=2 RMS ERR= 5.727e-7 MAX ERR= 5.728e-7 TIME ERR= 0.001770 MEM=727
 +00:00:00| Step 143 Time= 0.106217 Dt= 0.001274 Nodes=5 Cells=2 RMS ERR= 6.376e-7 MAX ERR= 6.376e-7 TIME ERR= 0.001866 MEM=727
 +00:00:00| Step 144 Time= 0.107491 Dt= 0.001274 Nodes=5 Cells=2 RMS ERR= 7.092e-7 MAX ERR= 7.092e-7 TIME ERR= 0.001971 MEM=727
 +00:00:00| Step 145 Time= 0.108765 Dt= 0.001274 Nodes=5 Cells=2 RMS ERR= 7.883e-7 MAX ERR= 7.883e-7 TIME ERR= 0.002085 MEM=727
 +00:00:00| Step 146 Time= 0.110039 Dt= 0.001274 Nodes=5 Cells=2 RMS ERR= 8.760e-7 MAX ERR= 8.761e-7 TIME ERR= 0.002208 MEM=727
 +00:00:00| Step 147 Time= 0.111313 Dt= 0.001274 Nodes=5 Cells=2 RMS ERR= 9.734e-7 MAX ERR= 9.734e-7 TIME ERR= 0.002342 MEM=727
 +00:00:00| Step 148 Time= 0.112521 Dt= 0.001209 Nodes=5 Cells=2 RMS ERR= 8.976e-7 MAX ERR= 8.977e-7 TIME ERR= 0.002159 MEM=727
 +00:00:00| Step 149 Time= 0.113730 Dt= 0.001209 Nodes=5 Cells=2 RMS ERR= 9.512e-7 MAX ERR= 9.512e-7 TIME ERR= 0.002303 MEM=727
 +00:00:00| Step 150 Time= 0.114939 Dt= 0.001209 Nodes=5 Cells=2 RMS ERR= 1.018e-6 MAX ERR= 1.018e-6 TIME ERR= 0.002407 MEM=727
 +00:00:00| Step 151 Time= 0.116075 Dt= 0.001136 Nodes=5 Cells=2 RMS ERR= 9.051e-7 MAX ERR= 9.051e-7 TIME ERR= 0.002155 MEM=727
 +00:00:00| Step 152 Time= 0.117212 Dt= 0.001136 Nodes=5 Cells=2 RMS ERR= 9.478e-7 MAX ERR= 9.478e-7 TIME ERR= 0.002296 MEM=727
 +00:00:00| Step 153 Time= 0.118348 Dt= 0.001136 Nodes=5 Cells=2 RMS ERR= 1.004e-6 MAX ERR= 1.004e-6 TIME ERR= 0.002389 MEM=727
 +00:00:00| Step 154 Time= 0.119419 Dt= 0.001071 Nodes=5 Cells=2 RMS ERR= 8.971e-7 MAX ERR= 8.971e-7 TIME ERR= 0.002148 MEM=727
 +00:00:00| Step 155 Time= 0.120490 Dt= 0.001071 Nodes=5 Cells=2 RMS ERR= 9.380e-7 MAX ERR= 9.381e-7 TIME ERR= 0.002284 MEM=728
 +00:00:00| Step 156 Time= 0.121561 Dt= 0.001071 Nodes=5 Cells=2 RMS ERR= 9.916e-7 MAX ERR= 9.916e-7 TIME ERR= 0.002375 MEM=729
 +00:00:00| Step 157 Time= 0.122573 Dt= 0.001011 Nodes=5 Cells=2 RMS ERR= 8.897e-7 MAX ERR= 8.897e-7 TIME ERR= 0.002144 MEM=734
 +00:00:00| Step 158 Time= 0.123584 Dt= 0.001011 Nodes=5 Cells=2 RMS ERR= 9.292e-7 MAX ERR= 9.292e-7 TIME ERR= 0.002276 MEM=734
 +00:00:00| Step 159 Time= 0.124595 Dt= 0.001011 Nodes=5 Cells=2 RMS ERR= 9.808e-7 MAX ERR= 9.808e-7 TIME ERR= 0.002365 MEM=734
 +00:00:00| Step 160 Time= 0.125552 Dt= 9.564e-4 Nodes=5 Cells=2 RMS ERR= 8.824e-7 MAX ERR= 8.824e-7 TIME ERR= 0.002140 MEM=734
 +00:00:00| Step 161 Time= 0.126508 Dt= 9.564e-4 Nodes=5 Cells=2 RMS ERR= 9.204e-7 MAX ERR= 9.204e-7 TIME ERR= 0.002268 MEM=734
 +00:00:00| Step 162 Time= 0.127465 Dt= 9.564e-4 Nodes=5 Cells=2 RMS ERR= 9.700e-7 MAX ERR= 9.700e-7 TIME ERR= 0.002354 MEM=734
 +00:00:00| Step 163 Time= 0.128371 Dt= 9.059e-4 Nodes=5 Cells=2 RMS ERR= 8.753e-7 MAX ERR= 8.753e-7 TIME ERR= 0.002136 MEM=734
 +00:00:00| Step 164 Time= 0.129277 Dt= 9.059e-4 Nodes=5 Cells=2 RMS ERR= 9.121e-7 MAX ERR= 9.121e-7 TIME ERR= 0.002260 MEM=734
 +00:00:00| Step 165 Time= 0.130182 Dt= 9.059e-4 Nodes=5 Cells=2 RMS ERR= 9.599e-7 MAX ERR= 9.599e-7 TIME ERR= 0.002342 MEM=734
 +00:00:00| Step 166 Time= 0.131042 Dt= 8.594e-4 Nodes=5 Cells=2 RMS ERR= 8.692e-7 MAX ERR= 8.692e-7 TIME ERR= 0.002131 MEM=734
 +00:00:00| Step 167 Time= 0.131901 Dt= 8.594e-4 Nodes=5 Cells=2 RMS ERR= 9.048e-7 MAX ERR= 9.048e-7 TIME ERR= 0.002251 MEM=734
 +00:00:00| Step 168 Time= 0.132761 Dt= 8.594e-4 Nodes=5 Cells=2 RMS ERR= 9.509e-7 MAX ERR= 9.509e-7 TIME ERR= 0.002330 MEM=734
 +00:00:00| Step 169 Time= 0.133620 Dt= 8.594e-4 Nodes=5 Cells=2 RMS ERR= 1.035e-6 MAX ERR= 1.035e-6 TIME ERR= 0.002438 MEM=734
 +00:00:00| Step 170 Time= 0.134425 Dt= 8.046e-4 Nodes=5 Cells=2 RMS ERR= 8.919e-7 MAX ERR= 8.920e-7 TIME ERR= 0.002144 MEM=734
 +00:00:00| Step 171 Time= 0.135229 Dt= 8.046e-4 Nodes=5 Cells=2 RMS ERR= 9.156e-7 MAX ERR= 9.156e-7 TIME ERR= 0.002266 MEM=734
 +00:00:00| Step 172 Time= 0.136034 Dt= 8.046e-4 Nodes=5 Cells=2 RMS ERR= 9.507e-7 MAX ERR= 9.507e-7 TIME ERR= 0.002332 MEM=734
 +00:00:00| Step 173 Time= 0.136838 Dt= 8.046e-4 Nodes=5 Cells=2 RMS ERR= 1.031e-6 MAX ERR= 1.031e-6 TIME ERR= 0.002430 MEM=734
 +00:00:00| Step 174 Time= 0.137592 Dt= 7.540e-4 Nodes=5 Cells=2 RMS ERR= 8.886e-7 MAX ERR= 8.886e-7 TIME ERR= 0.002137 MEM=734
 +00:00:00| Step 175 Time= 0.138346 Dt= 7.540e-4 Nodes=5 Cells=2 RMS ERR= 9.094e-7 MAX ERR= 9.094e-7 TIME ERR= 0.002251 MEM=734
 +00:00:00| Step 176 Time= 0.139100 Dt= 7.540e-4 Nodes=5 Cells=2 RMS ERR= 9.410e-7 MAX ERR= 9.410e-7 TIME ERR= 0.002309 MEM=734
 +00:00:00| Step 177 Time= 0.139854 Dt= 7.540e-4 Nodes=5 Cells=2 RMS ERR= 1.015e-6 MAX ERR= 1.015e-6 TIME ERR= 0.002399 MEM=734
 +00:00:00| Step 178 Time= 0.140564 Dt= 7.096e-4 Nodes=5 Cells=2 RMS ERR= 8.846e-7 MAX ERR= 8.846e-7 TIME ERR= 0.002126 MEM=734
 +00:00:00| Step 179 Time= 0.141273 Dt= 7.096e-4 Nodes=5 Cells=2 RMS ERR= 9.041e-7 MAX ERR= 9.041e-7 TIME ERR= 0.002231 MEM=734
 +00:00:00| Step 180 Time= 0.141983 Dt= 7.096e-4 Nodes=5 Cells=2 RMS ERR= 9.332e-7 MAX ERR= 9.332e-7 TIME ERR= 0.002282 MEM=734
 +00:00:00| Step 181 Time= 0.142693 Dt= 7.096e-4 Nodes=5 Cells=2 RMS ERR= 1.001e-6 MAX ERR= 1.001e-6 TIME ERR= 0.002362 MEM=734
 +00:00:00| Step 182 Time= 0.143364 Dt= 6.714e-4 Nodes=5 Cells=2 RMS ERR= 8.830e-7 MAX ERR= 8.830e-7 TIME ERR= 0.002113 MEM=734
 +00:00:00| Step 183 Time= 0.144035 Dt= 6.714e-4 Nodes=5 Cells=2 RMS ERR= 9.006e-7 MAX ERR= 9.006e-7 TIME ERR= 0.002205 MEM=734
 +00:00:00| Step 184 Time= 0.144707 Dt= 6.714e-4 Nodes=5 Cells=2 RMS ERR= 9.262e-7 MAX ERR= 9.262e-7 TIME ERR= 0.002248 MEM=734
 +00:00:00| Step 185 Time= 0.145378 Dt= 6.714e-4 Nodes=5 Cells=2 RMS ERR= 9.858e-7 MAX ERR= 9.858e-7 TIME ERR= 0.002313 MEM=734
 +00:00:00| Step 186 Time= 0.146050 Dt= 6.714e-4 Nodes=5 Cells=2 RMS ERR= 1.047e-6 MAX ERR= 1.047e-6 TIME ERR= 0.002386 MEM=734
 +00:00:01| Step 187 Time= 0.146683 Dt= 6.330e-4 Nodes=5 Cells=2 RMS ERR= 9.032e-7 MAX ERR= 9.033e-7 TIME ERR= 0.002101 MEM=734
 +00:00:01| Step 188 Time= 0.147316 Dt= 6.330e-4 Nodes=5 Cells=2 RMS ERR= 9.078e-7 MAX ERR= 9.078e-7 TIME ERR= 0.002175 MEM=734
 +00:00:01| Step 189 Time= 0.147949 Dt= 6.330e-4 Nodes=5 Cells=2 RMS ERR= 9.188e-7 MAX ERR= 9.188e-7 TIME ERR= 0.002193 MEM=734
 +00:00:01| Step 190 Time= 0.148582 Dt= 6.330e-4 Nodes=5 Cells=2 RMS ERR= 9.630e-7 MAX ERR= 9.630e-7 TIME ERR= 0.002231 MEM=734
 +00:00:01| Step 191 Time= 0.149215 Dt= 6.330e-4 Nodes=5 Cells=2 RMS ERR= 1.005e-6 MAX ERR= 1.005e-6 TIME ERR= 0.002271 MEM=734
 +00:00:01| Step 192 Time= 0.149848 Dt= 6.330e-4 Nodes=5 Cells=2 RMS ERR= 1.044e-6 MAX ERR= 1.044e-6 TIME ERR= 0.002306 MEM=734
 +00:00:01| Step 193 Time= 0.150481 Dt= 6.330e-4 Nodes=5 Cells=2 RMS ERR= 1.077e-6 MAX ERR= 1.077e-6 TIME ERR= 0.002332 MEM=734
 +00:00:01| Step 194 Time= 0.151114 Dt= 6.330e-4 Nodes=5 Cells=2 RMS ERR= 1.104e-6 MAX ERR= 1.104e-6 TIME ERR= 0.002347 MEM=734
 +00:00:01| Step 195 Time= 0.151714 Dt= 6.002e-4 Nodes=5 Cells=2 RMS ERR= 9.317e-7 MAX ERR= 9.317e-7 TIME ERR= 0.002036 MEM=734
 +00:00:01| Step 196 Time= 0.152314 Dt= 6.002e-4 Nodes=5 Cells=2 RMS ERR= 8.963e-7 MAX ERR= 8.963e-7 TIME ERR= 0.002034 MEM=734
 +00:00:01| Step 197 Time= 0.152914 Dt= 6.002e-4 Nodes=5 Cells=2 RMS ERR= 8.589e-7 MAX ERR= 8.589e-7 TIME ERR= 0.001970 MEM=734
 +00:00:01| Step 198 Time= 0.153515 Dt= 6.002e-4 Nodes=5 Cells=2 RMS ERR= 8.381e-7 MAX ERR= 8.382e-7 TIME ERR= 0.001907 MEM=734
 +00:00:01| Step 199 Time= 0.154115 Dt= 6.002e-4 Nodes=5 Cells=2 RMS ERR= 8.001e-7 MAX ERR= 8.002e-7 TIME ERR= 0.001825 MEM=734
 +00:00:01| Step 200 Time= 0.154715 Dt= 6.002e-4 Nodes=5 Cells=2 RMS ERR= 7.413e-7 MAX ERR= 7.413e-7 TIME ERR= 0.001717 MEM=734
 +00:00:01| Step 201 Time= 0.155315 Dt= 6.002e-4 Nodes=5 Cells=2 RMS ERR= 6.574e-7 MAX ERR= 6.574e-7 TIME ERR= 0.001574 MEM=735
 +00:00:01| Step 202 Time= 0.155915 Dt= 6.002e-4 Nodes=5 Cells=2 RMS ERR= 5.441e-7 MAX ERR= 5.441e-7 TIME ERR= 0.001390 MEM=738
 +00:00:01| Step 203 Time= 0.156515 Dt= 6.002e-4 Nodes=5 Cells=2 RMS ERR= 3.965e-7 MAX ERR= 3.965e-7 TIME ERR= 0.001157 MEM=744
 +00:00:01| Step 204 Time= 0.157116 Dt= 6.002e-4 Nodes=5 Cells=2 RMS ERR= 2.100e-7 MAX ERR= 2.100e-7 TIME ERR= 8.690e-4 MEM=744
 +00:00:01| Step 205 Time= 0.157789 Dt= 6.734e-4 Nodes=5 Cells=2 RMS ERR= 7.243e-8 MAX ERR= 7.243e-8 TIME ERR= 7.230e-4 MEM=744
 +00:00:01| Step 206 Time= 0.158545 Dt= 7.556e-4 Nodes=5 Cells=2 RMS ERR= 1.001e-6 MAX ERR= 1.001e-6 TIME ERR= 9.677e-4 MEM=744
 +00:00:01| Step 207 Time= 0.159392 Dt= 8.478e-4 Nodes=5 Cells=2 RMS ERR= 3.883e-6 MAX ERR= 3.883e-6 TIME ERR= 0.001773 MEM=744
 +00:00:01| Step 208 Time= 0.160240 Dt= 8.478e-4 Nodes=5 Cells=2 RMS ERR= 7.527e-6 MAX ERR= 7.527e-6 TIME ERR= 0.004172 MEM=744
 +00:00:01| Step 209 Time= 0.160904 Dt= 6.635e-4 Nodes=5 Cells=2 RMS ERR= 4.710e-6 MAX ERR= 4.710e-6 TIME ERR= 0.003677 MEM=744
 +00:00:01| Step 210 Time= 0.161445 Dt= 5.416e-4 Nodes=5 Cells=2 RMS ERR= 2.362e-6 MAX ERR= 2.362e-6 TIME ERR= 0.003130 MEM=744
 +00:00:01| Step 211 Time= 0.161912 Dt= 4.665e-4 Nodes=5 Cells=2 RMS ERR= 1.149e-6 MAX ERR= 1.149e-6 TIME ERR= 0.002620 MEM=744
 +00:00:01| Step 212 Time= 0.162338 Dt= 4.264e-4 Nodes=5 Cells=2 RMS ERR= 7.092e-7 MAX ERR= 7.093e-7 TIME ERR= 0.002375 MEM=744
 +00:00:01| Step 213 Time= 0.162741 Dt= 4.026e-4 Nodes=5 Cells=2 RMS ERR= 5.202e-7 MAX ERR= 5.202e-7 TIME ERR= 0.002266 MEM=744
 +00:00:01| Step 214 Time= 0.163143 Dt= 4.026e-4 Nodes=5 Cells=2 RMS ERR= 4.872e-7 MAX ERR= 4.872e-7 TIME ERR= 0.002501 MEM=744
 +00:00:01| Step 215 Time= 0.163517 Dt= 3.737e-4 Nodes=5 Cells=2 RMS ERR= 3.675e-7 MAX ERR= 3.675e-7 TIME ERR= 0.002246 MEM=744
 +00:00:01| Step 216 Time= 0.163891 Dt= 3.737e-4 Nodes=5 Cells=2 RMS ERR= 3.418e-7 MAX ERR= 3.418e-7 TIME ERR= 0.002501 MEM=744
 +00:00:01| Step 217 Time= 0.164238 Dt= 3.469e-4 Nodes=5 Cells=2 RMS ERR= 2.399e-7 MAX ERR= 2.399e-7 TIME ERR= 0.002206 MEM=744
 +00:00:01| Step 218 Time= 0.164585 Dt= 3.469e-4 Nodes=5 Cells=2 RMS ERR= 2.082e-7 MAX ERR= 2.082e-7 TIME ERR= 0.002409 MEM=744
 +00:00:01| Step 219 Time= 0.164911 Dt= 3.260e-4 Nodes=5 Cells=2 RMS ERR= 1.401e-7 MAX ERR= 1.401e-7 TIME ERR= 0.002156 MEM=744
 +00:00:01| Step 220 Time= 0.165237 Dt= 3.260e-4 Nodes=5 Cells=2 RMS ERR= 1.092e-7 MAX ERR= 1.092e-7 TIME ERR= 0.002311 MEM=744
 +00:00:01| Step 221 Time= 0.165563 Dt= 3.260e-4 Nodes=5 Cells=2 RMS ERR= 7.534e-8 MAX ERR= 7.534e-8 TIME ERR= 0.002414 MEM=744
 +00:00:01| Step 222 Time= 0.165869 Dt= 3.062e-4 Nodes=5 Cells=2 RMS ERR= 3.359e-8 MAX ERR= 3.359e-8 TIME ERR= 0.002147 MEM=744
 +00:00:01| Step 223 Time= 0.166175 Dt= 3.062e-4 Nodes=5 Cells=2 RMS ERR= 2.250e-9 MAX ERR= 2.250e-9 TIME ERR= 0.002268 MEM=744
 +00:00:01| Step 224 Time= 0.166481 Dt= 3.062e-4 Nodes=5 Cells=2 RMS ERR= 3.050e-8 MAX ERR= 3.050e-8 TIME ERR= 0.002325 MEM=744
 +00:00:01| Step 225 Time= 0.166787 Dt= 3.062e-4 Nodes=5 Cells=2 RMS ERR= 6.606e-8 MAX ERR= 6.606e-8 TIME ERR= 0.002401 MEM=744
 +00:00:01| Step 226 Time= 0.167076 Dt= 2.881e-4 Nodes=5 Cells=2 RMS ERR= 8.339e-8 MAX ERR= 8.339e-8 TIME ERR= 0.002103 MEM=744
 +00:00:01| Step 227 Time= 0.167364 Dt= 2.881e-4 Nodes=5 Cells=2 RMS ERR= 1.092e-7 MAX ERR= 1.092e-7 TIME ERR= 0.002171 MEM=744
 +00:00:01| Step 228 Time= 0.167652 Dt= 2.881e-4 Nodes=5 Cells=2 RMS ERR= 1.347e-7 MAX ERR= 1.347e-7 TIME ERR= 0.002173 MEM=744
 +00:00:01| Step 229 Time= 0.167940 Dt= 2.881e-4 Nodes=5 Cells=2 RMS ERR= 1.644e-7 MAX ERR= 1.644e-7 TIME ERR= 0.002189 MEM=744
 +00:00:01| Step 230 Time= 0.168228 Dt= 2.881e-4 Nodes=5 Cells=2 RMS ERR= 1.936e-7 MAX ERR= 1.936e-7 TIME ERR= 0.002199 MEM=744
 +00:00:01| Step 231 Time= 0.168516 Dt= 2.881e-4 Nodes=5 Cells=2 RMS ERR= 2.215e-7 MAX ERR= 2.215e-7 TIME ERR= 0.002197 MEM=744
 +00:00:01| Step 232 Time= 0.168804 Dt= 2.881e-4 Nodes=5 Cells=2 RMS ERR= 2.473e-7 MAX ERR= 2.473e-7 TIME ERR= 0.002180 MEM=744
 +00:00:01| Step 233 Time= 0.169092 Dt= 2.881e-4 Nodes=5 Cells=2 RMS ERR= 2.699e-7 MAX ERR= 2.699e-7 TIME ERR= 0.002146 MEM=744
 +00:00:01| Step 234 Time= 0.169381 Dt= 2.881e-4 Nodes=5 Cells=2 RMS ERR= 2.885e-7 MAX ERR= 2.885e-7 TIME ERR= 0.002094 MEM=744
 +00:00:01| Step 235 Time= 0.169669 Dt= 2.881e-4 Nodes=5 Cells=2 RMS ERR= 3.022e-7 MAX ERR= 3.022e-7 TIME ERR= 0.002023 MEM=744
 +00:00:01| Step 236 Time= 0.169957 Dt= 2.881e-4 Nodes=5 Cells=2 RMS ERR= 3.103e-7 MAX ERR= 3.103e-7 TIME ERR= 0.001934 MEM=744
 +00:00:01| Step 237 Time= 0.170245 Dt= 2.881e-4 Nodes=5 Cells=2 RMS ERR= 3.121e-7 MAX ERR= 3.121e-7 TIME ERR= 0.001826 MEM=744
 +00:00:01| Step 238 Time= 0.170533 Dt= 2.881e-4 Nodes=5 Cells=2 RMS ERR= 3.072e-7 MAX ERR= 3.072e-7 TIME ERR= 0.001699 MEM=744
 +00:00:01| Step 239 Time= 0.170821 Dt= 2.881e-4 Nodes=5 Cells=2 RMS ERR= 2.954e-7 MAX ERR= 2.954e-7 TIME ERR= 0.001555 MEM=744
 +00:00:01| Step 240 Time= 0.171109 Dt= 2.881e-4 Nodes=5 Cells=2 RMS ERR= 2.767e-7 MAX ERR= 2.767e-7 TIME ERR= 0.001395 MEM=744
 +00:00:01| Step 241 Time= 0.171397 Dt= 2.881e-4 Nodes=5 Cells=2 RMS ERR= 2.515e-7 MAX ERR= 2.515e-7 TIME ERR= 0.001220 MEM=744
 +00:00:01| Step 242 Time= 0.171686 Dt= 2.881e-4 Nodes=5 Cells=2 RMS ERR= 2.203e-7 MAX ERR= 2.203e-7 TIME ERR= 0.001031 MEM=744
 +00:00:01| Step 243 Time= 0.171974 Dt= 2.881e-4 Nodes=5 Cells=2 RMS ERR= 1.839e-7 MAX ERR= 1.839e-7 TIME ERR= 8.314e-4 MEM=744
 +00:00:01| Step 244 Time= 0.172297 Dt= 3.233e-4 Nodes=5 Cells=2 RMS ERR= 2.096e-7 MAX ERR= 2.096e-7 TIME ERR= 8.325e-4 MEM=744
 +00:00:01| Step 245 Time= 0.172660 Dt= 3.627e-4 Nodes=5 Cells=2 RMS ERR= 2.170e-7 MAX ERR= 2.170e-7 TIME ERR= 6.663e-4 MEM=744
 +00:00:01| Step 246 Time= 0.173067 Dt= 4.070e-4 Nodes=5 Cells=2 RMS ERR= 1.251e-7 MAX ERR= 1.251e-7 TIME ERR= 5.302e-4 MEM=744
 +00:00:01| Step 247 Time= 0.173523 Dt= 4.567e-4 Nodes=5 Cells=2 RMS ERR= 2.861e-7 MAX ERR= 2.862e-7 TIME ERR= 7.480e-4 MEM=744
 +00:00:01| Step 248 Time= 0.173980 Dt= 4.567e-4 Nodes=5 Cells=2 RMS ERR= 9.066e-7 MAX ERR= 9.067e-7 TIME ERR= 0.001915 MEM=744
 +00:00:01| Step 249 Time= 0.174437 Dt= 4.567e-4 Nodes=5 Cells=2 RMS ERR= 1.509e-6 MAX ERR= 1.509e-6 TIME ERR= 0.003142 MEM=744
 +00:00:01| Step 250 Time= 0.174830 Dt= 3.928e-4 Nodes=5 Cells=2 RMS ERR= 1.126e-6 MAX ERR= 1.126e-6 TIME ERR= 0.002824 MEM=744
 +00:00:01| Step 251 Time= 0.175180 Dt= 3.502e-4 Nodes=5 Cells=2 RMS ERR= 7.577e-7 MAX ERR= 7.577e-7 TIME ERR= 0.002564 MEM=744
 +00:00:01| Step 252 Time= 0.175502 Dt= 3.223e-4 Nodes=5 Cells=2 RMS ERR= 4.951e-7 MAX ERR= 4.951e-7 TIME ERR= 0.002283 MEM=744
 +00:00:01| Step 253 Time= 0.175824 Dt= 3.223e-4 Nodes=5 Cells=2 RMS ERR= 4.364e-7 MAX ERR= 4.364e-7 TIME ERR= 0.002417 MEM=744
 +00:00:01| Step 254 Time= 0.176127 Dt= 3.026e-4 Nodes=5 Cells=2 RMS ERR= 3.285e-7 MAX ERR= 3.285e-7 TIME ERR= 0.002101 MEM=744
 +00:00:01| Step 255 Time= 0.176430 Dt= 3.026e-4 Nodes=5 Cells=2 RMS ERR= 3.021e-7 MAX ERR= 3.021e-7 TIME ERR= 0.002194 MEM=744
 +00:00:01| Step 256 Time= 0.176732 Dt= 3.026e-4 Nodes=5 Cells=2 RMS ERR= 2.742e-7 MAX ERR= 2.742e-7 TIME ERR= 0.002221 MEM=744
 +00:00:01| Step 257 Time= 0.177035 Dt= 3.026e-4 Nodes=5 Cells=2 RMS ERR= 2.548e-7 MAX ERR= 2.548e-7 TIME ERR= 0.002256 MEM=744
 +00:00:01| Step 258 Time= 0.177337 Dt= 3.026e-4 Nodes=5 Cells=2 RMS ERR= 2.320e-7 MAX ERR= 2.320e-7 TIME ERR= 0.002282 MEM=744
 +00:00:01| Step 259 Time= 0.177640 Dt= 3.026e-4 Nodes=5 Cells=2 RMS ERR= 2.068e-7 MAX ERR= 2.068e-7 TIME ERR= 0.002292 MEM=744
 +00:00:01| Step 260 Time= 0.177943 Dt= 3.026e-4 Nodes=5 Cells=2 RMS ERR= 1.803e-7 MAX ERR= 1.803e-7 TIME ERR= 0.002285 MEM=744
 +00:00:01| Step 261 Time= 0.178245 Dt= 3.026e-4 Nodes=5 Cells=2 RMS ERR= 1.534e-7 MAX ERR= 1.534e-7 TIME ERR= 0.002262 MEM=752
 +00:00:01| Step 262 Time= 0.178548 Dt= 3.026e-4 Nodes=5 Cells=2 RMS ERR= 1.269e-7 MAX ERR= 1.269e-7 TIME ERR= 0.002225 MEM=752
 +00:00:01| Step 263 Time= 0.178850 Dt= 3.026e-4 Nodes=5 Cells=2 RMS ERR= 1.014e-7 MAX ERR= 1.014e-7 TIME ERR= 0.002176 MEM=752
 +00:00:01| Step 264 Time= 0.179153 Dt= 3.026e-4 Nodes=5 Cells=2 RMS ERR= 7.746e-8 MAX ERR= 7.746e-8 TIME ERR= 0.002116 MEM=752
 +00:00:01| Step 265 Time= 0.179456 Dt= 3.026e-4 Nodes=5 Cells=2 RMS ERR= 5.549e-8 MAX ERR= 5.549e-8 TIME ERR= 0.002046 MEM=752
 +00:00:01| Step 266 Time= 0.179758 Dt= 3.026e-4 Nodes=5 Cells=2 RMS ERR= 3.573e-8 MAX ERR= 3.573e-8 TIME ERR= 0.001969 MEM=752
 +00:00:01| Step 267 Time= 0.180061 Dt= 3.026e-4 Nodes=5 Cells=2 RMS ERR= 1.833e-8 MAX ERR= 1.834e-8 TIME ERR= 0.001887 MEM=752
 +00:00:01| Step 268 Time= 0.180364 Dt= 3.026e-4 Nodes=5 Cells=2 RMS ERR= 3.368e-9 MAX ERR= 3.368e-9 TIME ERR= 0.001800 MEM=752
 +00:00:01| Step 269 Time= 0.180666 Dt= 3.026e-4 Nodes=5 Cells=2 RMS ERR= 9.197e-9 MAX ERR= 9.197e-9 TIME ERR= 0.001710 MEM=752
 +00:00:01| Step 270 Time= 0.180969 Dt= 3.026e-4 Nodes=5 Cells=2 RMS ERR= 1.945e-8 MAX ERR= 1.945e-8 TIME ERR= 0.001618 MEM=752
 +00:00:01| Step 271 Time= 0.181271 Dt= 3.026e-4 Nodes=5 Cells=2 RMS ERR= 2.752e-8 MAX ERR= 2.752e-8 TIME ERR= 0.001525 MEM=752
 +00:00:01| Step 272 Time= 0.181574 Dt= 3.026e-4 Nodes=5 Cells=2 RMS ERR= 3.359e-8 MAX ERR= 3.359e-8 TIME ERR= 0.001432 MEM=752
 +00:00:01| Step 273 Time= 0.181877 Dt= 3.026e-4 Nodes=5 Cells=2 RMS ERR= 3.784e-8 MAX ERR= 3.784e-8 TIME ERR= 0.001340 MEM=752
 +00:00:01| Step 274 Time= 0.182179 Dt= 3.026e-4 Nodes=5 Cells=2 RMS ERR= 4.049e-8 MAX ERR= 4.049e-8 TIME ERR= 0.001249 MEM=752
 +00:00:01| Step 275 Time= 0.182482 Dt= 3.026e-4 Nodes=5 Cells=2 RMS ERR= 4.173e-8 MAX ERR= 4.173e-8 TIME ERR= 0.001161 MEM=752
 +00:00:01| Step 276 Time= 0.182784 Dt= 3.026e-4 Nodes=5 Cells=2 RMS ERR= 4.177e-8 MAX ERR= 4.177e-8 TIME ERR= 0.001075 MEM=752
 +00:00:01| Step 277 Time= 0.183087 Dt= 3.026e-4 Nodes=5 Cells=2 RMS ERR= 4.081e-8 MAX ERR= 4.082e-8 TIME ERR= 9.927e-4 MEM=752
 +00:00:01| Step 278 Time= 0.183427 Dt= 3.395e-4 Nodes=5 Cells=2 RMS ERR= 5.822e-8 MAX ERR= 5.822e-8 TIME ERR= 0.001237 MEM=752
 +00:00:01| Step 279 Time= 0.183766 Dt= 3.395e-4 Nodes=5 Cells=2 RMS ERR= 5.946e-8 MAX ERR= 5.946e-8 TIME ERR= 0.001112 MEM=752
 +00:00:01| Step 280 Time= 0.184106 Dt= 3.395e-4 Nodes=5 Cells=2 RMS ERR= 5.810e-8 MAX ERR= 5.811e-8 TIME ERR= 0.001042 MEM=752
 +00:00:01| Step 281 Time= 0.184445 Dt= 3.395e-4 Nodes=5 Cells=2 RMS ERR= 5.138e-8 MAX ERR= 5.138e-8 TIME ERR= 9.489e-4 MEM=752
 +00:00:01| Step 282 Time= 0.184826 Dt= 3.810e-4 Nodes=5 Cells=2 RMS ERR= 6.522e-8 MAX ERR= 6.522e-8 TIME ERR= 0.001153 MEM=752
 +00:00:01| Step 283 Time= 0.185207 Dt= 3.810e-4 Nodes=5 Cells=2 RMS ERR= 5.814e-8 MAX ERR= 5.814e-8 TIME ERR= 0.001005 MEM=752
 +00:00:01| Step 284 Time= 0.185634 Dt= 4.274e-4 Nodes=5 Cells=2 RMS ERR= 6.997e-8 MAX ERR= 6.997e-8 TIME ERR= 0.001229 MEM=752
 +00:00:01| Step 285 Time= 0.186062 Dt= 4.274e-4 Nodes=5 Cells=2 RMS ERR= 5.062e-8 MAX ERR= 5.062e-8 TIME ERR= 0.001049 MEM=752
 +00:00:01| Step 286 Time= 0.186489 Dt= 4.274e-4 Nodes=5 Cells=2 RMS ERR= 2.765e-8 MAX ERR= 2.765e-8 TIME ERR= 9.184e-4 MEM=752
 +00:00:01| Step 287 Time= 0.186969 Dt= 4.796e-4 Nodes=5 Cells=2 RMS ERR= 4.55e-10 MAX ERR= 4.55e-10 TIME ERR= 0.001039 MEM=752
 +00:00:01| Step 288 Time= 0.187449 Dt= 4.796e-4 Nodes=5 Cells=2 RMS ERR= 4.277e-8 MAX ERR= 4.278e-8 TIME ERR= 8.182e-4 MEM=752
 +00:00:01| Step 289 Time= 0.187987 Dt= 5.381e-4 Nodes=5 Cells=2 RMS ERR= 1.351e-7 MAX ERR= 1.351e-7 TIME ERR= 8.774e-4 MEM=752
 +00:00:01| Step 290 Time= 0.188590 Dt= 6.038e-4 Nodes=5 Cells=2 RMS ERR= 3.288e-7 MAX ERR= 3.288e-7 TIME ERR= 8.312e-4 MEM=752
 +00:00:01| Step 291 Time= 0.189268 Dt= 6.775e-4 Nodes=5 Cells=2 RMS ERR= 7.535e-7 MAX ERR= 7.535e-7 TIME ERR= 6.867e-4 MEM=752
 +00:00:01| Step 292 Time= 0.190028 Dt= 7.601e-4 Nodes=5 Cells=2 RMS ERR= 1.599e-6 MAX ERR= 1.599e-6 TIME ERR= 4.874e-4 MEM=752
 +00:00:01| Step 293 Time= 0.190881 Dt= 8.529e-4 Nodes=5 Cells=2 RMS ERR= 3.211e-6 MAX ERR= 3.211e-6 TIME ERR= 6.822e-4 MEM=752
 +00:00:01| Step 294 Time= 0.191838 Dt= 9.569e-4 Nodes=5 Cells=2 RMS ERR= 6.162e-6 MAX ERR= 6.162e-6 TIME ERR= 0.001353 MEM=752
 +00:00:01| Step 295 Time= 0.192795 Dt= 9.569e-4 Nodes=5 Cells=2 RMS ERR= 7.519e-6 MAX ERR= 7.520e-6 TIME ERR= 0.002182 MEM=752
 +00:00:01| Step 296 Time= 0.193752 Dt= 9.569e-4 Nodes=5 Cells=2 RMS ERR= 8.105e-6 MAX ERR= 8.106e-6 TIME ERR= 0.002863 MEM=752
 +00:00:01| Step 297 Time= 0.194601 Dt= 8.491e-4 Nodes=5 Cells=2 RMS ERR= 5.228e-6 MAX ERR= 5.228e-6 TIME ERR= 0.002391 MEM=752
 +00:00:01| Step 298 Time= 0.195401 Dt= 8.000e-4 Nodes=5 Cells=2 RMS ERR= 3.712e-6 MAX ERR= 3.712e-6 TIME ERR= 0.002221 MEM=752
 +00:00:01| Step 299 Time= 0.196201 Dt= 8.000e-4 Nodes=5 Cells=2 RMS ERR= 3.094e-6 MAX ERR= 3.094e-6 TIME ERR= 0.002225 MEM=752
 +00:00:01| Step 300 Time= 0.197001 Dt= 8.000e-4 Nodes=5 Cells=2 RMS ERR= 2.818e-6 MAX ERR= 2.818e-6 TIME ERR= 0.002166 MEM=752
 +00:00:01| Step 301 Time= 0.197801 Dt= 8.000e-4 Nodes=5 Cells=2 RMS ERR= 2.661e-6 MAX ERR= 2.661e-6 TIME ERR= 0.002112 MEM=752
 +00:00:01| Step 302 Time= 0.198601 Dt= 8.000e-4 Nodes=5 Cells=2 RMS ERR= 2.502e-6 MAX ERR= 2.502e-6 TIME ERR= 0.002043 MEM=752
 +00:00:01| Step 303 Time= 0.199401 Dt= 8.000e-4 Nodes=5 Cells=2 RMS ERR= 2.344e-6 MAX ERR= 2.344e-6 TIME ERR= 0.001955 MEM=752
 +00:00:01| Step 304 Time= 0.200000 Dt= 5.990e-4 Nodes=5 Cells=2 RMS ERR= 8.180e-7 MAX ERR= 8.180e-7 TIME ERR= 8.615e-4 MEM=752
 +00:00:01| Step 305 Time= 0.200800 Dt= 8.000e-4 Nodes=5 Cells=2 RMS ERR= 1.654e-6 MAX ERR= 1.654e-6 TIME ERR= 0.001824 MEM=774
 +00:00:01| Step 306 Time= 0.201600 Dt= 8.000e-4 Nodes=5 Cells=2 RMS ERR= 1.605e-6 MAX ERR= 1.605e-6 TIME ERR= 0.001504 MEM=774
 +00:00:01| Step 307 Time= 0.202400 Dt= 8.000e-4 Nodes=5 Cells=2 RMS ERR= 1.785e-6 MAX ERR= 1.785e-6 TIME ERR= 0.001459 MEM=774
 +00:00:01| Step 308 Time= 0.203200 Dt= 8.000e-4 Nodes=5 Cells=2 RMS ERR= 1.652e-6 MAX ERR= 1.652e-6 TIME ERR= 0.001347 MEM=774
 +00:00:01| Step 309 Time= 0.204000 Dt= 8.000e-4 Nodes=5 Cells=2 RMS ERR= 1.524e-6 MAX ERR= 1.524e-6 TIME ERR= 0.001210 MEM=774
 +00:00:01| Step 310 Time= 0.204800 Dt= 8.000e-4 Nodes=5 Cells=2 RMS ERR= 1.401e-6 MAX ERR= 1.402e-6 TIME ERR= 0.001061 MEM=774
 +00:00:01| Step 311 Time= 0.205600 Dt= 8.000e-4 Nodes=5 Cells=2 RMS ERR= 1.284e-6 MAX ERR= 1.284e-6 TIME ERR= 9.048e-4 MEM=774
 +00:00:01| Step 312 Time= 0.206498 Dt= 8.976e-4 Nodes=5 Cells=2 RMS ERR= 1.743e-6 MAX ERR= 1.743e-6 TIME ERR= 9.996e-4 MEM=774
 +00:00:01| Step 313 Time= 0.207505 Dt= 0.001007 Nodes=5 Cells=2 RMS ERR= 2.565e-6 MAX ERR= 2.565e-6 TIME ERR= 9.959e-4 MEM=774
 +00:00:01| Step 314 Time= 0.208635 Dt= 0.001130 Nodes=5 Cells=2 RMS ERR= 3.952e-6 MAX ERR= 3.952e-6 TIME ERR= 8.880e-4 MEM=774
 +00:00:01| Step 315 Time= 0.209765 Dt= 0.001130 Nodes=5 Cells=2 RMS ERR= 3.932e-6 MAX ERR= 3.932e-6 TIME ERR= 9.063e-4 MEM=774
 +00:00:01| Step 316 Time= 0.210895 Dt= 0.001130 Nodes=5 Cells=2 RMS ERR= 3.417e-6 MAX ERR= 3.417e-6 TIME ERR= 9.414e-4 MEM=774
 +00:00:01| Step 317 Time= 0.212025 Dt= 0.001130 Nodes=5 Cells=2 RMS ERR= 2.542e-6 MAX ERR= 2.542e-6 TIME ERR= 0.001166 MEM=774
 +00:00:01| Step 318 Time= 0.213155 Dt= 0.001130 Nodes=5 Cells=2 RMS ERR= 1.608e-6 MAX ERR= 1.608e-6 TIME ERR= 0.001985 MEM=774
 +00:00:01| Step 319 Time= 0.214285 Dt= 0.001130 Nodes=5 Cells=2 RMS ERR= 5.865e-7 MAX ERR= 5.865e-7 TIME ERR= 0.002868 MEM=774
 +00:00:01| Step 320 Time= 0.215288 Dt= 0.001002 Nodes=5 Cells=2 RMS ERR= 3.048e-7 MAX ERR= 3.048e-7 TIME ERR= 0.002741 MEM=774
 +00:00:01| Step 321 Time= 0.216190 Dt= 9.022e-4 Nodes=5 Cells=2 RMS ERR= 6.440e-7 MAX ERR= 6.440e-7 TIME ERR= 0.002608 MEM=774
 +00:00:01| Step 322 Time= 0.217016 Dt= 8.259e-4 Nodes=5 Cells=2 RMS ERR= 7.014e-7 MAX ERR= 7.014e-7 TIME ERR= 0.002413 MEM=774
 +00:00:01| Step 323 Time= 0.217791 Dt= 7.758e-4 Nodes=5 Cells=2 RMS ERR= 7.113e-7 MAX ERR= 7.113e-7 TIME ERR= 0.002308 MEM=774
 +00:00:01| Step 324 Time= 0.218567 Dt= 7.758e-4 Nodes=5 Cells=2 RMS ERR= 8.582e-7 MAX ERR= 8.582e-7 TIME ERR= 0.002562 MEM=774
 +00:00:01| Step 325 Time= 0.219282 Dt= 7.143e-4 Nodes=5 Cells=2 RMS ERR= 7.881e-7 MAX ERR= 7.881e-7 TIME ERR= 0.002255 MEM=774
 +00:00:01| Step 326 Time= 0.219996 Dt= 7.143e-4 Nodes=5 Cells=2 RMS ERR= 9.138e-7 MAX ERR= 9.138e-7 TIME ERR= 0.002526 MEM=774
 +00:00:01| Step 327 Time= 0.220657 Dt= 6.608e-4 Nodes=5 Cells=2 RMS ERR= 8.002e-7 MAX ERR= 8.002e-7 TIME ERR= 0.002221 MEM=774
 +00:00:01| Step 328 Time= 0.221318 Dt= 6.608e-4 Nodes=5 Cells=2 RMS ERR= 8.974e-7 MAX ERR= 8.974e-7 TIME ERR= 0.002454 MEM=774
 +00:00:01| Step 329 Time= 0.221935 Dt= 6.173e-4 Nodes=5 Cells=2 RMS ERR= 7.932e-7 MAX ERR= 7.932e-7 TIME ERR= 0.002192 MEM=774
 +00:00:01| Step 330 Time= 0.222552 Dt= 6.173e-4 Nodes=5 Cells=2 RMS ERR= 8.778e-7 MAX ERR= 8.778e-7 TIME ERR= 0.002398 MEM=774
 +00:00:01| Step 331 Time= 0.223133 Dt= 5.810e-4 Nodes=5 Cells=2 RMS ERR= 7.888e-7 MAX ERR= 7.888e-7 TIME ERR= 0.002176 MEM=774
 +00:00:01| Step 332 Time= 0.223714 Dt= 5.810e-4 Nodes=5 Cells=2 RMS ERR= 8.666e-7 MAX ERR= 8.667e-7 TIME ERR= 0.002364 MEM=774
 +00:00:01| Step 333 Time= 0.224264 Dt= 5.495e-4 Nodes=5 Cells=2 RMS ERR= 7.871e-7 MAX ERR= 7.871e-7 TIME ERR= 0.002165 MEM=784
 +00:00:01| Step 334 Time= 0.224813 Dt= 5.495e-4 Nodes=5 Cells=2 RMS ERR= 8.600e-7 MAX ERR= 8.600e-7 TIME ERR= 0.002341 MEM=784
 +00:00:01| Step 335 Time= 0.225335 Dt= 5.214e-4 Nodes=5 Cells=2 RMS ERR= 7.862e-7 MAX ERR= 7.862e-7 TIME ERR= 0.002157 MEM=784
 +00:00:01| Step 336 Time= 0.225856 Dt= 5.214e-4 Nodes=5 Cells=2 RMS ERR= 8.553e-7 MAX ERR= 8.553e-7 TIME ERR= 0.002323 MEM=784
 +00:00:01| Step 337 Time= 0.226378 Dt= 5.214e-4 Nodes=5 Cells=2 RMS ERR= 9.390e-7 MAX ERR= 9.390e-7 TIME ERR= 0.002458 MEM=784
 +00:00:01| Step 338 Time= 0.226864 Dt= 4.868e-4 Nodes=5 Cells=2 RMS ERR= 8.348e-7 MAX ERR= 8.348e-7 TIME ERR= 0.002186 MEM=784
 +00:00:01| Step 339 Time= 0.227351 Dt= 4.868e-4 Nodes=5 Cells=2 RMS ERR= 8.896e-7 MAX ERR= 8.896e-7 TIME ERR= 0.002358 MEM=784
 +00:00:01| Step 340 Time= 0.227812 Dt= 4.608e-4 Nodes=5 Cells=2 RMS ERR= 7.892e-7 MAX ERR= 7.892e-7 TIME ERR= 0.002136 MEM=784
 +00:00:01| Step 341 Time= 0.228273 Dt= 4.608e-4 Nodes=5 Cells=2 RMS ERR= 8.464e-7 MAX ERR= 8.464e-7 TIME ERR= 0.002282 MEM=784
 +00:00:01| Step 342 Time= 0.228733 Dt= 4.608e-4 Nodes=5 Cells=2 RMS ERR= 9.166e-7 MAX ERR= 9.166e-7 TIME ERR= 0.002395 MEM=784
 +00:00:01| Step 343 Time= 0.229167 Dt= 4.339e-4 Nodes=5 Cells=2 RMS ERR= 8.310e-7 MAX ERR= 8.311e-7 TIME ERR= 0.002164 MEM=784
 +00:00:01| Step 344 Time= 0.229601 Dt= 4.339e-4 Nodes=5 Cells=2 RMS ERR= 8.830e-7 MAX ERR= 8.831e-7 TIME ERR= 0.002316 MEM=784
 +00:00:01| Step 345 Time= 0.230035 Dt= 4.339e-4 Nodes=5 Cells=2 RMS ERR= 9.485e-7 MAX ERR= 9.485e-7 TIME ERR= 0.002422 MEM=784
 +00:00:01| Step 346 Time= 0.230442 Dt= 4.071e-4 Nodes=5 Cells=2 RMS ERR= 8.448e-7 MAX ERR= 8.448e-7 TIME ERR= 0.002159 MEM=784
 +00:00:01| Step 347 Time= 0.230849 Dt= 4.071e-4 Nodes=5 Cells=2 RMS ERR= 8.904e-7 MAX ERR= 8.904e-7 TIME ERR= 0.002304 MEM=784
 +00:00:01| Step 348 Time= 0.231257 Dt= 4.071e-4 Nodes=5 Cells=2 RMS ERR= 9.490e-7 MAX ERR= 9.490e-7 TIME ERR= 0.002398 MEM=784
 +00:00:01| Step 349 Time= 0.231640 Dt= 3.832e-4 Nodes=5 Cells=2 RMS ERR= 8.508e-7 MAX ERR= 8.508e-7 TIME ERR= 0.002148 MEM=784
 +00:00:01| Step 350 Time= 0.232023 Dt= 3.832e-4 Nodes=5 Cells=2 RMS ERR= 8.946e-7 MAX ERR= 8.947e-7 TIME ERR= 0.002282 MEM=784
 +00:00:01| Step 351 Time= 0.232406 Dt= 3.832e-4 Nodes=5 Cells=2 RMS ERR= 9.505e-7 MAX ERR= 9.506e-7 TIME ERR= 0.002368 MEM=784
 +00:00:01| Step 352 Time= 0.232769 Dt= 3.623e-4 Nodes=5 Cells=2 RMS ERR= 8.601e-7 MAX ERR= 8.601e-7 TIME ERR= 0.002137 MEM=784
 +00:00:01| Step 353 Time= 0.233131 Dt= 3.623e-4 Nodes=5 Cells=2 RMS ERR= 9.027e-7 MAX ERR= 9.027e-7 TIME ERR= 0.002261 MEM=784
 +00:00:01| Step 354 Time= 0.233493 Dt= 3.623e-4 Nodes=5 Cells=2 RMS ERR= 9.562e-7 MAX ERR= 9.562e-7 TIME ERR= 0.002338 MEM=784
 +00:00:01| Step 355 Time= 0.233837 Dt= 3.439e-4 Nodes=5 Cells=2 RMS ERR= 8.731e-7 MAX ERR= 8.731e-7 TIME ERR= 0.002125 MEM=784
 +00:00:01| Step 356 Time= 0.234181 Dt= 3.439e-4 Nodes=5 Cells=2 RMS ERR= 9.140e-7 MAX ERR= 9.140e-7 TIME ERR= 0.002237 MEM=784
 +00:00:01| Step 357 Time= 0.234525 Dt= 3.439e-4 Nodes=5 Cells=2 RMS ERR= 9.647e-7 MAX ERR= 9.647e-7 TIME ERR= 0.002305 MEM=784
 +00:00:01| Step 358 Time= 0.234869 Dt= 3.439e-4 Nodes=5 Cells=2 RMS ERR= 1.052e-6 MAX ERR= 1.052e-6 TIME ERR= 0.002397 MEM=784
 +00:00:01| Step 359 Time= 0.235192 Dt= 3.237e-4 Nodes=5 Cells=2 RMS ERR= 9.252e-7 MAX ERR= 9.252e-7 TIME ERR= 0.002124 MEM=784
 +00:00:01| Step 360 Time= 0.235516 Dt= 3.237e-4 Nodes=5 Cells=2 RMS ERR= 9.529e-7 MAX ERR= 9.529e-7 TIME ERR= 0.002223 MEM=784
 +00:00:01| Step 361 Time= 0.235840 Dt= 3.237e-4 Nodes=5 Cells=2 RMS ERR= 9.896e-7 MAX ERR= 9.896e-7 TIME ERR= 0.002266 MEM=784
 +00:00:01| Step 362 Time= 0.236164 Dt= 3.237e-4 Nodes=5 Cells=2 RMS ERR= 1.066e-6 MAX ERR= 1.066e-6 TIME ERR= 0.002331 MEM=784
 +00:00:01| Step 363 Time= 0.236487 Dt= 3.237e-4 Nodes=5 Cells=2 RMS ERR= 1.145e-6 MAX ERR= 1.145e-6 TIME ERR= 0.002400 MEM=784
 +00:00:01| Step 364 Time= 0.236792 Dt= 3.047e-4 Nodes=5 Cells=2 RMS ERR= 9.892e-7 MAX ERR= 9.892e-7 TIME ERR= 0.002096 MEM=784
 +00:00:01| Step 365 Time= 0.237097 Dt= 3.047e-4 Nodes=5 Cells=2 RMS ERR= 9.995e-7 MAX ERR= 9.996e-7 TIME ERR= 0.002158 MEM=784
 +00:00:01| Step 366 Time= 0.237401 Dt= 3.047e-4 Nodes=5 Cells=2 RMS ERR= 1.015e-6 MAX ERR= 1.016e-6 TIME ERR= 0.002158 MEM=784
 +00:00:01| Step 367 Time= 0.237706 Dt= 3.047e-4 Nodes=5 Cells=2 RMS ERR= 1.067e-6 MAX ERR= 1.067e-6 TIME ERR= 0.002171 MEM=784
 +00:00:01| Step 368 Time= 0.238011 Dt= 3.047e-4 Nodes=5 Cells=2 RMS ERR= 1.112e-6 MAX ERR= 1.112e-6 TIME ERR= 0.002177 MEM=784
 +00:00:01| Step 369 Time= 0.238315 Dt= 3.047e-4 Nodes=5 Cells=2 RMS ERR= 1.150e-6 MAX ERR= 1.150e-6 TIME ERR= 0.002167 MEM=784
 +00:00:01| Step 370 Time= 0.238620 Dt= 3.047e-4 Nodes=5 Cells=2 RMS ERR= 1.174e-6 MAX ERR= 1.174e-6 TIME ERR= 0.002134 MEM=784
 +00:00:01| Step 371 Time= 0.238925 Dt= 3.047e-4 Nodes=5 Cells=2 RMS ERR= 1.183e-6 MAX ERR= 1.183e-6 TIME ERR= 0.002072 MEM=784
 +00:00:01| Step 372 Time= 0.239229 Dt= 3.047e-4 Nodes=5 Cells=2 RMS ERR= 1.169e-6 MAX ERR= 1.169e-6 TIME ERR= 0.001974 MEM=784
 +00:00:01| Step 373 Time= 0.239534 Dt= 3.047e-4 Nodes=5 Cells=2 RMS ERR= 1.126e-6 MAX ERR= 1.126e-6 TIME ERR= 0.001831 MEM=784
 +00:00:01| Step 374 Time= 0.239838 Dt= 3.047e-4 Nodes=5 Cells=2 RMS ERR= 1.046e-6 MAX ERR= 1.046e-6 TIME ERR= 0.001635 MEM=784
 +00:00:01| Step 375 Time= 0.240143 Dt= 3.047e-4 Nodes=5 Cells=2 RMS ERR= 9.214e-7 MAX ERR= 9.214e-7 TIME ERR= 0.001374 MEM=784
 +00:00:01| Step 376 Time= 0.240448 Dt= 3.047e-4 Nodes=5 Cells=2 RMS ERR= 7.418e-7 MAX ERR= 7.419e-7 TIME ERR= 0.001035 MEM=784
 +00:00:01| Step 377 Time= 0.240752 Dt= 3.047e-4 Nodes=5 Cells=2 RMS ERR= 4.978e-7 MAX ERR= 4.978e-7 TIME ERR= 6.034e-4 MEM=784
 +00:00:01| Step 378 Time= 0.241094 Dt= 3.418e-4 Nodes=5 Cells=2 RMS ERR= 2.107e-7 MAX ERR= 2.107e-7 TIME ERR= 2.427e-4 MEM=784
 +00:00:01| Step 379 Time= 0.241478 Dt= 3.835e-4 Nodes=5 Cells=2 RMS ERR= 9.249e-7 MAX ERR= 9.249e-7 TIME ERR= 0.001393 MEM=784
 +00:00:01| Step 380 Time= 0.241861 Dt= 3.835e-4 Nodes=5 Cells=2 RMS ERR= 2.957e-6 MAX ERR= 2.957e-6 TIME ERR= 0.003359 MEM=784
 +00:00:01| Step 381 Time= 0.242184 Dt= 3.226e-4 Nodes=5 Cells=2 RMS ERR= 2.863e-6 MAX ERR= 2.863e-6 TIME ERR= 0.003666 MEM=784
 +00:00:01| Step 382 Time= 0.242448 Dt= 2.636e-4 Nodes=5 Cells=2 RMS ERR= 1.688e-6 MAX ERR= 1.688e-6 TIME ERR= 0.003154 MEM=784
 +00:00:01| Step 383 Time= 0.242674 Dt= 2.265e-4 Nodes=5 Cells=2 RMS ERR= 9.212e-7 MAX ERR= 9.212e-7 TIME ERR= 0.002715 MEM=784
 +00:00:01| Step 384 Time= 0.242879 Dt= 2.046e-4 Nodes=5 Cells=2 RMS ERR= 5.713e-7 MAX ERR= 5.714e-7 TIME ERR= 0.002435 MEM=784
 +00:00:01| Step 385 Time= 0.243070 Dt= 1.916e-4 Nodes=5 Cells=2 RMS ERR= 4.163e-7 MAX ERR= 4.163e-7 TIME ERR= 0.002306 MEM=784
 +00:00:01| Step 386 Time= 0.243262 Dt= 1.916e-4 Nodes=5 Cells=2 RMS ERR= 3.942e-7 MAX ERR= 3.942e-7 TIME ERR= 0.002564 MEM=784
 +00:00:01| Step 387 Time= 0.243438 Dt= 1.764e-4 Nodes=5 Cells=2 RMS ERR= 2.930e-7 MAX ERR= 2.931e-7 TIME ERR= 0.002262 MEM=784
 +00:00:01| Step 388 Time= 0.243615 Dt= 1.764e-4 Nodes=5 Cells=2 RMS ERR= 2.747e-7 MAX ERR= 2.747e-7 TIME ERR= 0.002534 MEM=784
 +00:00:01| Step 389 Time= 0.243777 Dt= 1.630e-4 Nodes=5 Cells=2 RMS ERR= 1.906e-7 MAX ERR= 1.906e-7 TIME ERR= 0.002215 MEM=784
 +00:00:01| Step 390 Time= 0.243940 Dt= 1.630e-4 Nodes=5 Cells=2 RMS ERR= 1.654e-7 MAX ERR= 1.654e-7 TIME ERR= 0.002429 MEM=784
 +00:00:01| Step 391 Time= 0.244093 Dt= 1.527e-4 Nodes=5 Cells=2 RMS ERR= 1.092e-7 MAX ERR= 1.092e-7 TIME ERR= 0.002164 MEM=784
 +00:00:01| Step 392 Time= 0.244246 Dt= 1.527e-4 Nodes=5 Cells=2 RMS ERR= 8.323e-8 MAX ERR= 8.323e-8 TIME ERR= 0.002328 MEM=784
 +00:00:01| Step 393 Time= 0.244399 Dt= 1.527e-4 Nodes=5 Cells=2 RMS ERR= 5.404e-8 MAX ERR= 5.404e-8 TIME ERR= 0.002436 MEM=784
 +00:00:01| Step 394 Time= 0.244542 Dt= 1.430e-4 Nodes=5 Cells=2 RMS ERR= 1.923e-8 MAX ERR= 1.923e-8 TIME ERR= 0.002154 MEM=784
 +00:00:01| Step 395 Time= 0.244685 Dt= 1.430e-4 Nodes=5 Cells=2 RMS ERR= 8.226e-9 MAX ERR= 8.226e-9 TIME ERR= 0.002282 MEM=784
 +00:00:01| Step 396 Time= 0.244828 Dt= 1.430e-4 Nodes=5 Cells=2 RMS ERR= 3.730e-8 MAX ERR= 3.731e-8 TIME ERR= 0.002342 MEM=784
 +00:00:01| Step 397 Time= 0.244963 Dt= 1.357e-4 Nodes=5 Cells=2 RMS ERR= 5.705e-8 MAX ERR= 5.705e-8 TIME ERR= 0.002103 MEM=784
 +00:00:01| Step 398 Time= 0.245099 Dt= 1.357e-4 Nodes=5 Cells=2 RMS ERR= 8.147e-8 MAX ERR= 8.147e-8 TIME ERR= 0.002181 MEM=784
 +00:00:01| Step 399 Time= 0.245235 Dt= 1.357e-4 Nodes=5 Cells=2 RMS ERR= 1.064e-7 MAX ERR= 1.064e-7 TIME ERR= 0.002203 MEM=784
 +00:00:01| Step 400 Time= 0.245371 Dt= 1.357e-4 Nodes=5 Cells=2 RMS ERR= 1.347e-7 MAX ERR= 1.347e-7 TIME ERR= 0.002236 MEM=784
 +00:00:01| Step 401 Time= 0.245506 Dt= 1.357e-4 Nodes=5 Cells=2 RMS ERR= 1.633e-7 MAX ERR= 1.633e-7 TIME ERR= 0.002261 MEM=784
 +00:00:01| Step 402 Time= 0.245642 Dt= 1.357e-4 Nodes=5 Cells=2 RMS ERR= 1.912e-7 MAX ERR= 1.912e-7 TIME ERR= 0.002273 MEM=784
 +00:00:01| Step 403 Time= 0.245778 Dt= 1.357e-4 Nodes=5 Cells=2 RMS ERR= 2.175e-7 MAX ERR= 2.175e-7 TIME ERR= 0.002268 MEM=784
 +00:00:01| Step 404 Time= 0.245913 Dt= 1.357e-4 Nodes=5 Cells=2 RMS ERR= 2.413e-7 MAX ERR= 2.413e-7 TIME ERR= 0.002245 MEM=784
 +00:00:01| Step 405 Time= 0.246049 Dt= 1.357e-4 Nodes=5 Cells=2 RMS ERR= 2.615e-7 MAX ERR= 2.615e-7 TIME ERR= 0.002202 MEM=784
 +00:00:01| Step 406 Time= 0.246185 Dt= 1.357e-4 Nodes=5 Cells=2 RMS ERR= 2.769e-7 MAX ERR= 2.769e-7 TIME ERR= 0.002137 MEM=784
 +00:00:01| Step 407 Time= 0.246320 Dt= 1.357e-4 Nodes=5 Cells=2 RMS ERR= 2.867e-7 MAX ERR= 2.867e-7 TIME ERR= 0.002051 MEM=784
 +00:00:01| Step 408 Time= 0.246456 Dt= 1.357e-4 Nodes=5 Cells=2 RMS ERR= 2.900e-7 MAX ERR= 2.900e-7 TIME ERR= 0.001942 MEM=784
 +00:00:01| Step 409 Time= 0.246592 Dt= 1.357e-4 Nodes=5 Cells=2 RMS ERR= 2.862e-7 MAX ERR= 2.862e-7 TIME ERR= 0.001812 MEM=784
 +00:00:01| Step 410 Time= 0.246727 Dt= 1.357e-4 Nodes=5 Cells=2 RMS ERR= 2.749e-7 MAX ERR= 2.749e-7 TIME ERR= 0.001660 MEM=784
 +00:00:01| Step 411 Time= 0.246863 Dt= 1.357e-4 Nodes=5 Cells=2 RMS ERR= 2.561e-7 MAX ERR= 2.561e-7 TIME ERR= 0.001489 MEM=784
 +00:00:01| Step 412 Time= 0.246999 Dt= 1.357e-4 Nodes=5 Cells=2 RMS ERR= 2.298e-7 MAX ERR= 2.298e-7 TIME ERR= 0.001298 MEM=784
 +00:00:01| Step 413 Time= 0.247135 Dt= 1.357e-4 Nodes=5 Cells=2 RMS ERR= 1.968e-7 MAX ERR= 1.968e-7 TIME ERR= 0.001091 MEM=784
 +00:00:01| Step 414 Time= 0.247270 Dt= 1.357e-4 Nodes=5 Cells=2 RMS ERR= 1.578e-7 MAX ERR= 1.579e-7 TIME ERR= 8.692e-4 MEM=784
 +00:00:01| Step 415 Time= 0.247422 Dt= 1.522e-4 Nodes=5 Cells=2 RMS ERR= 1.655e-7 MAX ERR= 1.655e-7 TIME ERR= 8.487e-4 MEM=784
 +00:00:01| Halt on User Condition
 +00:00:02| --DONE-- 19:15:22 10/4/22
